[321527.966] 
X.Org X Server 1.21.1.3
X Protocol Version 11, Revision 0
[321527.966] Current Operating System: Linux wireshark 5.4.0-105-generic #119-Ubuntu SMP Mon Mar 7 18:49:24 UTC 2022 x86_64
[321527.966] Kernel command line: BOOT_IMAGE=/boot/vmlinuz-5.4.0-105-generic root=UUID=c546d76a-2220-46f1-a21d-f903e2e87e6b ro maybe-ubiquity
[321527.967]  
[321527.967] Current version of pixman: 0.40.0
[321527.967] 	Before reporting problems, check http://wiki.x.org
	to make sure that you have the latest version.
[321527.967] Markers: (--) probed, (**) from config file, (==) default setting,
	(++) from command line, (!!) notice, (II) informational,
	(WW) warning, (EE) error, (NI) not implemented, (??) unknown.
[321527.967] (++) Log file: ".xorgxrdp.10.log", Time: Tue Mar 29 18:13:48 2022
[321527.967] (++) Using config file: "/etc/X11/xrdp/xorg.conf"
[321527.967] (==) Using system config directory "/usr/share/X11/xorg.conf.d"
[321527.967] (**) Option "defaultserverlayout" "X11 Server"
[321527.967] (**) ServerLayout "X11 Server"
[321527.967] (**) |-->Screen "Screen (xrdpdev)" (0)
[321527.967] (**) |   |-->Monitor "Monitor"
[321527.968] (**) |   |-->Device "Video Card (xrdpdev)"
[321527.968] (**) |-->Input Device "xrdpMouse"
[321527.968] (**) |-->Input Device "xrdpKeyboard"
[321527.968] (**) Option "DontVTSwitch" "on"
[321527.968] (**) Option "AutoAddDevices" "off"
[321527.968] (**) Not automatically adding devices
[321527.968] (==) Automatically enabling devices
[321527.968] (==) Automatically adding GPU devices
[321527.968] (==) Automatically binding GPU devices
[321527.968] (==) Max clients allowed: 256, resource mask: 0x1fffff
[321527.968] (WW) The directory "/usr/share/fonts/TTF" does not exist.
[321527.968] 	Entry deleted from font path.
[321527.968] (WW) The directory "/usr/share/fonts/Type1" does not exist.
[321527.968] 	Entry deleted from font path.
[321527.968] (==) FontPath set to:
	/usr/share/fonts/misc,
	/usr/share/fonts/100dpi:unscaled,
	/usr/share/fonts/75dpi:unscaled
[321527.968] (==) ModulePath set to "/usr/lib/xorg/modules"
[321527.968] (II) Module ABI versions:
[321527.968] 	X.Org ANSI C Emulation: 0.4
[321527.968] 	X.Org Video Driver: 25.2
[321527.968] 	X.Org XInput driver : 24.4
[321527.968] 	X.Org Server Extension : 10.0
[321527.969] (II) xfree86: Adding drm device (/dev/dri/card0)
[321527.969] (II) Platform probe for /sys/devices/pci0000:00/0000:00:02.0/drm/card0
[321527.973] (--) PCI:*(0@0:2:0) 1234:1111:1af4:1100 rev 2, Mem @ 0xfd000000/16777216, 0xfea50000/4096, BIOS @ 0x????????/131072
[321527.973] (WW) Open ACPI failed (/var/run/acpid.socket) (No such file or directory)
[321527.973] (II) "glx" will be loaded. This was enabled by default and also specified in the config file.
[321527.973] (II) LoadModule: "dbe"
[321527.973] (II) Module "dbe" already built-in
[321527.973] (II) LoadModule: "ddc"
[321527.973] (II) Module "ddc" already built-in
[321527.973] (II) LoadModule: "extmod"
[321527.974] (II) Module "extmod" already built-in
[321527.974] (II) LoadModule: "glx"
[321527.974] (II) Loading /usr/lib/xorg/modules/extensions/libglx.so
[321527.977] (II) Module glx: vendor="X.Org Foundation"
[321527.977] 	compiled for 1.21.1.3, module version = 1.0.0
[321527.977] 	ABI class: X.Org Server Extension, version 10.0
[321527.978] (II) LoadModule: "int10"
[321527.978] (II) Loading /usr/lib/xorg/modules/libint10.so
[321527.978] (II) Module int10: vendor="X.Org Foundation"
[321527.978] 	compiled for 1.21.1.3, module version = 1.0.0
[321527.978] 	ABI class: X.Org Video Driver, version 25.2
[321527.978] (II) LoadModule: "record"
[321527.978] (II) Module "record" already built-in
[321527.978] (II) LoadModule: "vbe"
[321527.979] (II) Loading /usr/lib/xorg/modules/libint10.so
[321527.979] (II) Module int10: vendor="X.Org Foundation"
[321527.979] 	compiled for 1.21.1.3, module version = 1.0.0
[321527.979] 	ABI class: X.Org Video Driver, version 25.2
[321527.979] (II) LoadModule: "xorgxrdp"
[321527.979] (II) Loading /usr/lib/xorg/modules/libxorgxrdp.so
[321527.980] (II) Module XORGXRDP: vendor="X.Org Foundation"
[321527.980] 	compiled for 1.21.1.1, module version = 0.2.17
[321527.980] 	ABI class: X.Org Video Driver, version 25.2
[321527.980] xorgxrdpSetup:
[321527.980] (II) LoadModule: "fb"
[321527.980] (II) Module "fb" already built-in
[321527.980] (II) LoadModule: "xrdpdev"
[321527.980] (II) Loading /usr/lib/xorg/modules/drivers/xrdpdev_drv.so
[321527.980] (II) Module XRDPDEV: vendor="X.Org Foundation"
[321527.980] 	compiled for 1.21.1.1, module version = 0.2.17
[321527.980] 	ABI class: X.Org Video Driver, version 25.2
[321527.980] xrdpdevSetup:
[321527.980] (II) LoadModule: "xrdpmouse"
[321527.981] (II) Loading /usr/lib/xorg/modules/input/xrdpmouse_drv.so
[321527.981] (II) Module XRDPMOUSE: vendor="X.Org Foundation"
[321527.981] 	compiled for 1.21.1.1, module version = 0.2.17
[321527.981] 	Module class: X.Org XInput Driver
[321527.981] 	ABI class: X.Org XInput driver, version 24.4
[321527.981] rdpmousePlug:
[321527.981] (II) LoadModule: "xrdpkeyb"
[321527.981] (II) Loading /usr/lib/xorg/modules/input/xrdpkeyb_drv.so
[321527.982] (II) Module XRDPKEYB: vendor="X.Org Foundation"
[321527.982] 	compiled for 1.21.1.1, module version = 0.2.17
[321527.982] 	Module class: X.Org XInput Driver
[321527.982] 	ABI class: X.Org XInput driver, version 24.4
[321527.982] rdpkeybPlug:
[321527.982] rdpIdentify:
[321527.982] (II) XRDPDEV: driver for xrdp: XRDPDEV
[321527.982] rdpDriverFunc: op 10
[321527.982] (WW) Falling back to old probe method for XRDPDEV
[321527.982] rdpProbe:
[321527.982] (II) Loading sub module "fb"
[321527.982] (II) LoadModule: "fb"
[321527.982] (II) Module "fb" already built-in
[321527.982] (II) XRDPDEV(0): using default device
[321527.982] (WW) VGA arbiter: cannot open kernel arbiter, no multi-card support
[321527.982] rdpPreInit:
[321527.982] (**) XRDPDEV(0): Depth 24, (--) framebuffer bpp 32
[321527.982] (==) XRDPDEV(0): RGB weight 888
[321527.982] (==) XRDPDEV(0): Using gamma correction (1.0, 1.0, 1.0)
[321527.982] (==) XRDPDEV(0): Default visual is TrueColor
[321527.982] (==) XRDPDEV(0): DPI set to (96, 96)
[321527.982] (II) XRDPDEV(0): 	mode "640x480" ok
[321527.982] (II) XRDPDEV(0): 	mode "800x600" ok
[321527.982] (II) XRDPDEV(0): Virtual size is 800x600 (pitch 800)
[321527.982] (**) XRDPDEV(0):  Default mode "800x600": 36.0 MHz (scaled from 0.0 MHz), 35.2 kHz, 56.2 Hz
[321527.982] (II) XRDPDEV(0): Modeline "800x600"x0.0   36.00  800 824 896 1024  600 601 603 625 +hsync +vsync (35.2 kHz d)
[321527.982] rdpScreenInit: virtualX 800 virtualY 600 rgbBits 8 depth 24
[321527.982] rdpScreenInit: pfbMemory bytes 1920000
[321527.982] rdpScreenInit: pfbMemory 0x7fcdd8b0d3b0
[321527.982] rdpSimdInit: assigning yuv functions
[321527.982] rdpSimdInit: cpuid ax 1 cx 0 return ax 0x00000f61 bx 0x01040800 cx 0x80202001 dx 0x178bfbff
[321527.982] rdpSimdInit: sse2 amd64 yuv functions assigned
[321527.982] (==) XRDPDEV(0): Backing store enabled
[321527.983] rdpClientConInit: disconnect idle session after [0] sec
[321527.983] rdpClientConInit: kill disconnected [0] timeout [0] sec
[321527.983] rdpXvInit: depth 24
[321527.983] rdpScreenInit: out
[321527.983] (II) Initializing extension Generic Event Extension
[321527.983] (II) Initializing extension SHAPE
[321527.983] (II) Initializing extension MIT-SHM
[321527.984] (II) Initializing extension XInputExtension
[321527.984] (II) Initializing extension XTEST
[321527.985] (II) Initializing extension BIG-REQUESTS
[321527.985] (II) Initializing extension SYNC
[321527.986] (II) Initializing extension XKEYBOARD
[321527.986] (II) Initializing extension XC-MISC
[321527.986] (II) Initializing extension SECURITY
[321527.987] (II) Initializing extension XFIXES
[321527.987] (II) Initializing extension RENDER
[321527.987] (II) Initializing extension RANDR
[321527.989] (II) Initializing extension COMPOSITE
[321527.989] (II) Initializing extension DAMAGE
[321527.990] (II) Initializing extension MIT-SCREEN-SAVER
[321527.990] (II) Initializing extension DOUBLE-BUFFER
[321527.990] (II) Initializing extension RECORD
[321527.991] (II) Initializing extension DPMS
[321527.991] (II) Initializing extension Present
[321527.991] (II) Initializing extension DRI3
[321527.991] (II) Initializing extension X-Resource
[321527.992] (II) Initializing extension XVideo
[321527.992] (II) Initializing extension XVideo-MotionCompensation
[321527.992] (II) Initializing extension GLX
[321527.992] (II) AIGLX: Screen 0 is not DRI2 capable
[321528.082] (II) IGLX: Loaded and initialized swrast
[321528.082] (II) GLX: Initialized DRISWRAST GL provider for screen 0
[321528.082] (II) Initializing extension XFree86-VidModeExtension
[321528.083] (II) Initializing extension XFree86-DGA
[321528.083] (II) Initializing extension XFree86-DRI
[321528.083] (II) Initializing extension DRI2
[321528.083] rdpCreateScreenResources:
[321528.127] (II) Using input driver 'XRDPMOUSE' for 'xrdpMouse'
[321528.127] (**) Option "CorePointer"
[321528.127] (**) xrdpMouse: always reports core events
[321528.127] rdpmousePreInit: drv 0x7fcdd902e400 info 0x7fcdd0c3ed30, flags 0x0
[321528.127] (II) XINPUT: Adding extended input device "xrdpMouse" (type: Mouse, id 6)
[321528.127] rdpmouseControl: what 0
[321528.127] rdpmouseDeviceInit:
[321528.127] rdpmouseCtrl:
[321528.127] rdpRegisterInputCallback: type 1 proc 0x7fcdd8ce83b1
[321528.127] (**) xrdpMouse: (accel) keeping acceleration scheme 1
[321528.127] (**) xrdpMouse: (accel) acceleration profile 0
[321528.127] (**) xrdpMouse: (accel) acceleration factor: 2.000
[321528.127] (**) xrdpMouse: (accel) acceleration threshold: 4
[321528.127] rdpmouseControl: what 1
[321528.127] rdpmouseDeviceOn:
[321528.127] (II) Using input driver 'XRDPKEYB' for 'xrdpKeyboard'
[321528.127] (**) Option "CoreKeyboard"
[321528.127] (**) xrdpKeyboard: always reports core events
[321528.127] rdpkeybPreInit: drv 0x7fcdd902e4a0 info 0x7fcdd0bf9010, flags 0x0
[321528.128] (II) XINPUT: Adding extended input device "xrdpKeyboard" (type: Keyboard, id 7)
[321528.128] rdpkeybControl: what 0
[321528.128] rdpkeybDeviceInit:
[321528.153] rdpkeybChangeKeyboardControl:
[321528.153] rdpkeybChangeKeyboardControl: autoRepeat on
[321528.153] rdpRegisterInputCallback: type 0 proc 0x7fcdd8ce38a8
[321528.153] rdpkeybControl: what 1
[321528.153] rdpkeybDeviceOn:
[321528.165] (II) config/udev: Adding drm device (/dev/dri/card0)
[321528.165] (II) xfree86: Adding drm device (/dev/dri/card0)
[321528.165] (II) Platform probe for /sys/devices/pci0000:00/0000:00:02.0/drm/card0
[321528.175] rdpDeferredRandR:
[321528.175] rdpResizeSession: width 1024 height 768
[321528.175]   calling RRScreenSizeSet
[321528.175] rdpRRScreenSetSize: width 1024 height 768 mmWidth 271 mmHeight 203
[321528.175] rdpRRGetInfo:
[321528.175]   screen resized to 1024x768
[321528.177]   RRScreenSizeSet ok 1
[321528.177] rdpResizeSession: width 1536 height 754
[321528.177]   calling RRScreenSizeSet
[321528.177] rdpRRScreenSetSize: width 1536 height 754 mmWidth 406 mmHeight 199
[321528.178] rdpRRGetInfo:
[321528.178]   screen resized to 1536x754
[321528.181]   RRScreenSizeSet ok 1
[321528.181] rdpClientConGotConnection:
[321528.181] rdpClientConGotConnection: g_sck_accept ok new_sck 7
[321528.181] rdpClientConGetConnection: idle_disconnect_timeout set to non-positive value, idle timer turned off
[321528.181] rdpAddClientConToDev: adding first clientCon 0x7fcdd8cce140
[321528.181] rdpClientConProcessMsgVersion: version 0 0 0 1
[321528.181] rdpClientConProcessScreenSizeMsg: set width 1536 height 754 bpp 16
[321528.181] rdpClientConProcessScreenSizeMsg: shmemid 0 shmemptr 0x7fcdd0154000
[321528.181] rdpClientConProcessMsgClientInput: invalidate x 0 y 0 cx 1536 cy 754
[321528.254] rdpInDeferredRepeatCallback:
[321528.254] rdpkeybChangeKeyboardControl:
[321528.254] rdpkeybChangeKeyboardControl: autoRepeat off
[321528.360] rdpRRGetInfo:
[321528.371] rdpClientConProcessMsgClientInfo:
[321528.371]   got client info bytes 7072
[321528.371]   jpeg support 0
[321528.371]   offscreen support 0
[321528.371]   offscreen size 0
[321528.371]   offscreen entries 0
[321528.371]   client supports glyph cache but server disabled
[321528.371]   client can not do offscreen to offscreen blits
[321528.371]   client can do new(color) cursor
[321528.371]   client can not do multimon
[321528.371] rdpRRSetRdpOutputs: numCrtcs 0 numOutputs 0 monitorCount 0
[321528.371] rdpRRSetRdpOutputs: add output 0 left 0 top 0 width 1536 height 754
[321528.371] rdpLoadLayout: keylayout 0x00000409 variant  display 10
[321528.371] rdpkeybChangeKeyboardControl:
[321528.372] rdpkeybChangeKeyboardControl: autoRepeat on
[321528.373] rdpkeybChangeKeyboardControl:
[321528.373] rdpkeybChangeKeyboardControl: autoRepeat on
[321528.472] rdpInDeferredRepeatCallback:
[321528.472] rdpkeybChangeKeyboardControl:
[321528.472] rdpkeybChangeKeyboardControl: autoRepeat off
[321528.474] rdpInDeferredRepeatCallback:
[321528.474] rdpkeybChangeKeyboardControl:
[321528.474] rdpkeybChangeKeyboardControl: autoRepeat off
[321531.184] rdpClientConRecv: g_sck_recv failed(returned 0)
[321531.184] rdpClientConRecvMsg: error
[321531.184] rdpClientConCheck: rdpClientConGotData failed
[321531.184] rdpClientConDisconnect:
[321531.184] rdpRemoveClientConFromDev: removing clientCon 0x7fcdd8cce140
[321533.458] rdpClientConGotConnection:
[321533.458] rdpClientConGotConnection: g_sck_accept ok new_sck 7
[321533.458] rdpClientConGetConnection: idle_disconnect_timeout set to non-positive value, idle timer turned off
[321533.458] rdpAddClientConToDev: adding first clientCon 0x7fcdd8cce0c0
[321533.483] rdpClientConProcessMsgVersion: version 0 0 0 1
[321533.483] rdpClientConProcessScreenSizeMsg: set width 1536 height 754 bpp 16
[321533.484] rdpClientConProcessScreenSizeMsg: shmemid 2 shmemptr 0x7fcdd0154000
[321533.484] rdpClientConProcessMsgClientInput: invalidate x 0 y 0 cx 1536 cy 754
[321533.509] rdpClientConProcessMsgClientInfo:
[321533.509]   got client info bytes 7072
[321533.509]   jpeg support 0
[321533.509]   offscreen support 0
[321533.509]   offscreen size 0
[321533.509]   offscreen entries 0
[321533.509]   client supports glyph cache but server disabled
[321533.509]   client can not do offscreen to offscreen blits
[321533.509]   client can do new(color) cursor
[321533.509]   client can not do multimon
[321533.509] rdpRRSetRdpOutputs: numCrtcs 1 numOutputs 1 monitorCount 0
[321533.509] rdpRRSetRdpOutputs: update output 0 left 0 top 0 width 1536 height 754
[321533.509] rdpRRUpdateOutput:
[321533.509] rdpLoadLayout: keylayout 0x00000409 variant  display 10
[321533.509] rdpkeybChangeKeyboardControl:
[321533.510] rdpkeybChangeKeyboardControl: autoRepeat on
[321533.510] rdpkeybChangeKeyboardControl:
[321533.510] rdpkeybChangeKeyboardControl: autoRepeat on
[321533.610] rdpInDeferredRepeatCallback:
[321533.610] rdpkeybChangeKeyboardControl:
[321533.611] rdpkeybChangeKeyboardControl: autoRepeat off
[321533.611] rdpInDeferredRepeatCallback:
[321533.611] rdpkeybChangeKeyboardControl:
[321533.611] rdpkeybChangeKeyboardControl: autoRepeat off
[321709.396] rdpClientConGotConnection:
[321709.396] rdpClientConGotConnection: g_sck_accept ok new_sck 21
[321709.396] rdpClientConGotConnection: marking only clientCon 0x7fcdd8cce0c0 for disconnect
[321709.396] rdpClientConGetConnection: idle_disconnect_timeout set to non-positive value, idle timer turned off
[321709.396] rdpAddClientConToDev: adding clientCon 0x7fcdd8b40230
[321709.396] rdpClientConDisconnect:
[321709.397] rdpRemoveClientConFromDev: removing clientCon 0x7fcdd8cce0c0
[321709.421] rdpClientConProcessMsgVersion: version 0 0 0 1
[321709.421] rdpClientConProcessScreenSizeMsg: set width 1536 height 754 bpp 16
[321709.421] rdpClientConProcessScreenSizeMsg: shmemid 3 shmemptr 0x7fcdd0154000
[321709.421] rdpClientConProcessMsgClientInput: invalidate x 0 y 0 cx 1536 cy 754
[321709.447] rdpClientConProcessMsgClientInfo:
[321709.447]   got client info bytes 7072
[321709.447]   jpeg support 0
[321709.447]   offscreen support 0
[321709.447]   offscreen size 0
[321709.447]   offscreen entries 0
[321709.447]   client supports glyph cache but server disabled
[321709.447]   client can not do offscreen to offscreen blits
[321709.447]   client can do new(color) cursor
[321709.447]   client can not do multimon
[321709.447] rdpRRSetRdpOutputs: numCrtcs 1 numOutputs 1 monitorCount 0
[321709.447] rdpRRSetRdpOutputs: update output 0 left 0 top 0 width 1536 height 754
[321709.447] rdpRRUpdateOutput:
[321709.448] rdpLoadLayout: keylayout 0x00000409 variant  display 10
[321709.449] rdpkeybChangeKeyboardControl:
[321709.449] rdpkeybChangeKeyboardControl: autoRepeat on
[321709.450] rdpkeybChangeKeyboardControl:
[321709.450] rdpkeybChangeKeyboardControl: autoRepeat on
[321709.549] rdpInDeferredRepeatCallback:
[321709.549] rdpkeybChangeKeyboardControl:
[321709.549] rdpkeybChangeKeyboardControl: autoRepeat off
[321709.557] rdpInDeferredRepeatCallback:
[321709.557] rdpkeybChangeKeyboardControl:
[321709.557] rdpkeybChangeKeyboardControl: autoRepeat off
[321836.968] rdpClientConGotConnection:
[321836.969] rdpClientConGotConnection: g_sck_accept ok new_sck 7
[321836.969] rdpClientConGotConnection: marking only clientCon 0x7fcdd8b40230 for disconnect
[321836.969] rdpClientConGetConnection: idle_disconnect_timeout set to non-positive value, idle timer turned off
[321836.969] rdpAddClientConToDev: adding clientCon 0x7fcdd8c55050
[321836.969] rdpClientConDisconnect:
[321836.969] rdpRemoveClientConFromDev: removing clientCon 0x7fcdd8b40230
[321836.984] rdpClientConProcessMsgVersion: version 0 0 0 1
[321836.984] rdpClientConProcessScreenSizeMsg: set width 1536 height 754 bpp 16
[321836.984] rdpClientConProcessScreenSizeMsg: shmemid 4 shmemptr 0x7fcdd0154000
[321836.984] rdpClientConProcessMsgClientInput: invalidate x 0 y 0 cx 1536 cy 754
[321837.010] rdpClientConProcessMsgClientInfo:
[321837.010]   got client info bytes 7072
[321837.010]   jpeg support 0
[321837.010]   offscreen support 0
[321837.010]   offscreen size 0
[321837.010]   offscreen entries 0
[321837.010]   client supports glyph cache but server disabled
[321837.010]   client can not do offscreen to offscreen blits
[321837.010]   client can do new(color) cursor
[321837.010]   client can not do multimon
[321837.010] rdpRRSetRdpOutputs: numCrtcs 1 numOutputs 1 monitorCount 0
[321837.011] rdpRRSetRdpOutputs: update output 0 left 0 top 0 width 1536 height 754
[321837.011] rdpRRUpdateOutput:
[321837.011] rdpLoadLayout: keylayout 0x00000409 variant  display 10
[321837.011] rdpkeybChangeKeyboardControl:
[321837.011] rdpkeybChangeKeyboardControl: autoRepeat on
[321837.013] rdpkeybChangeKeyboardControl:
[321837.013] rdpkeybChangeKeyboardControl: autoRepeat on
[321837.112] rdpInDeferredRepeatCallback:
[321837.112] rdpkeybChangeKeyboardControl:
[321837.112] rdpkeybChangeKeyboardControl: autoRepeat off
[321837.113] rdpInDeferredRepeatCallback:
[321837.113] rdpkeybChangeKeyboardControl:
[321837.113] rdpkeybChangeKeyboardControl: autoRepeat off
[321889.155] rdpClientConGotConnection:
[321889.157] rdpClientConGotConnection: g_sck_accept ok new_sck 21
[321889.157] rdpClientConGotConnection: marking only clientCon 0x7fcdd8c55050 for disconnect
[321889.157] rdpClientConGetConnection: idle_disconnect_timeout set to non-positive value, idle timer turned off
[321889.157] rdpAddClientConToDev: adding clientCon 0x7fcdd8b400c0
[321889.157] rdpClientConDisconnect:
[321889.157] rdpRemoveClientConFromDev: removing clientCon 0x7fcdd8c55050
[321889.179] rdpClientConProcessMsgVersion: version 0 0 0 1
[321889.179] rdpClientConProcessScreenSizeMsg: set width 1536 height 754 bpp 16
[321889.180] rdpClientConProcessScreenSizeMsg: shmemid 5 shmemptr 0x7fcdd0154000
[321889.180] rdpClientConProcessMsgClientInput: invalidate x 0 y 0 cx 1536 cy 754
[321889.226] rdpClientConProcessMsgClientInfo:
[321889.226]   got client info bytes 7072
[321889.226]   jpeg support 0
[321889.226]   offscreen support 0
[321889.226]   offscreen size 0
[321889.226]   offscreen entries 0
[321889.226]   client supports glyph cache but server disabled
[321889.226]   client can not do offscreen to offscreen blits
[321889.226]   client can do new(color) cursor
[321889.226]   client can not do multimon
[321889.226] rdpRRSetRdpOutputs: numCrtcs 1 numOutputs 1 monitorCount 0
[321889.226] rdpRRSetRdpOutputs: update output 0 left 0 top 0 width 1536 height 754
[321889.226] rdpRRUpdateOutput:
[321889.226] rdpLoadLayout: keylayout 0x00000409 variant  display 10
[321889.227] rdpkeybChangeKeyboardControl:
[321889.227] rdpkeybChangeKeyboardControl: autoRepeat on
[321889.227] rdpkeybChangeKeyboardControl:
[321889.227] rdpkeybChangeKeyboardControl: autoRepeat on
[321889.327] rdpInDeferredRepeatCallback:
[321889.327] rdpkeybChangeKeyboardControl:
[321889.327] rdpkeybChangeKeyboardControl: autoRepeat off
[321889.327] rdpInDeferredRepeatCallback:
[321889.327] rdpkeybChangeKeyboardControl:
[321889.327] rdpkeybChangeKeyboardControl: autoRepeat off
